Start testing: Jul 23 15:40 AEST
----------------------------------------------------------
24/28 Testing: CastlingTest.ValidWhiteRightCastling
24/28 Test: CastlingTest.ValidWhiteRightCastling
Command: "/home/hminhdo/Desktop/coding-stuffs/chess-engine/build/chess_board_tests/unit_tests" "--gtest_filter=CastlingTest.ValidWhiteRightCastling" "--gtest_also_run_disabled_tests"
Directory: /home/hminhdo/Desktop/coding-stuffs/chess-engine/build/chess_board_tests
"CastlingTest.ValidWhiteRightCastling" start time: Jul 23 15:40 AEST
Output:
----------------------------------------------------------
Note: Google Test filter = CastlingTest.ValidWhiteRightCastling
[==========] Running 1 test from 1 test suite.
[----------] Global test environment set-up.
[----------] 1 test from CastlingTest
[ RUN      ] CastlingTest.ValidWhiteRightCastling
[       OK ] CastlingTest.ValidWhiteRightCastling (0 ms)
[----------] 1 test from CastlingTest (0 ms total)

[----------] Global test environment tear-down
[==========] 1 test from 1 test suite ran. (0 ms total)
[  PASSED  ] 1 test.
<end of output>
Test time =   0.00 sec
----------------------------------------------------------
Test Passed.
"CastlingTest.ValidWhiteRightCastling" end time: Jul 23 15:40 AEST
"CastlingTest.ValidWhiteRightCastling" time elapsed: 00:00:00
----------------------------------------------------------

End testing: Jul 23 15:40 AEST
